2023-03-25T05:36:33: PM2 log: ===============================================================================
2023-03-25T05:36:33: PM2 log: --- New PM2 Daemon started ----------------------------------------------------
2023-03-25T05:36:33: PM2 log: Time                 : Sat Mar 25 2023 05:36:33 GMT+0000 (Coordinated Universal Time)
2023-03-25T05:36:33: PM2 log: PM2 version          : 5.3.0
2023-03-25T05:36:33: PM2 log: Node.js version      : 12.22.9
2023-03-25T05:36:33: PM2 log: Current arch         : x64
2023-03-25T05:36:33: PM2 log: PM2 home             : /home/ubuntu/.pm2
2023-03-25T05:36:33: PM2 log: PM2 PID file         : /home/ubuntu/.pm2/pm2.pid
2023-03-25T05:36:33: PM2 log: RPC socket file      : /home/ubuntu/.pm2/rpc.sock
2023-03-25T05:36:33: PM2 log: BUS socket file      : /home/ubuntu/.pm2/pub.sock
2023-03-25T05:36:33: PM2 log: Application log path : /home/ubuntu/.pm2/logs
2023-03-25T05:36:33: PM2 log: Worker Interval      : 30000
2023-03-25T05:36:33: PM2 log: Process dump file    : /home/ubuntu/.pm2/dump.pm2
2023-03-25T05:36:33: PM2 log: Concurrent actions   : 2
2023-03-25T05:36:33: PM2 log: SIGTERM timeout      : 1600
2023-03-25T05:36:33: PM2 log: ===============================================================================
2023-03-25T08:54:55: PM2 log: pm2 has been killed by signal, dumping process list before exit...
2023-03-25T08:54:55: PM2 log: Exited peacefully
2023-03-25T08:55:37: PM2 log: ===============================================================================
2023-03-25T08:55:37: PM2 log: --- New PM2 Daemon started ----------------------------------------------------
2023-03-25T08:55:37: PM2 log: Time                 : Sat Mar 25 2023 08:55:37 GMT+0000 (Coordinated Universal Time)
2023-03-25T08:55:37: PM2 log: PM2 version          : 5.3.0
2023-03-25T08:55:37: PM2 log: Node.js version      : 12.22.9
2023-03-25T08:55:37: PM2 log: Current arch         : x64
2023-03-25T08:55:37: PM2 log: PM2 home             : /home/ubuntu/.pm2
2023-03-25T08:55:37: PM2 log: PM2 PID file         : /home/ubuntu/.pm2/pm2.pid
2023-03-25T08:55:37: PM2 log: RPC socket file      : /home/ubuntu/.pm2/rpc.sock
2023-03-25T08:55:37: PM2 log: BUS socket file      : /home/ubuntu/.pm2/pub.sock
2023-03-25T08:55:37: PM2 log: Application log path : /home/ubuntu/.pm2/logs
2023-03-25T08:55:37: PM2 log: Worker Interval      : 30000
2023-03-25T08:55:37: PM2 log: Process dump file    : /home/ubuntu/.pm2/dump.pm2
2023-03-25T08:55:37: PM2 log: Concurrent actions   : 2
2023-03-25T08:55:37: PM2 log: SIGTERM timeout      : 1600
2023-03-25T08:55:37: PM2 log: ===============================================================================
