0 verbose cli [ '/usr/bin/node', '/usr/bin/npm', 'audit' ]
1 info using npm@8.5.1
2 info using node@v12.22.9
3 timing npm:load:whichnode Completed in 1ms
4 timing config:load:defaults Completed in 2ms
5 timing config:load:file:/usr/share/nodejs/npm/npmrc Completed in 4ms
6 timing config:load:builtin Completed in 4ms
7 timing config:load:cli Completed in 2ms
8 timing config:load:env Completed in 0ms
9 timing config:load:project Completed in 2ms
10 timing config:load:file:/home/ubuntu/.npmrc Completed in 1ms
11 timing config:load:user Completed in 1ms
12 timing config:load:file:/etc/npmrc Completed in 0ms
13 timing config:load:global Completed in 0ms
14 timing config:load:validate Completed in 1ms
15 timing config:load:credentials Completed in 1ms
16 timing config:load:setEnvs Completed in 1ms
17 timing config:load Completed in 14ms
18 timing npm:load:configload Completed in 15ms
19 timing npm:load:setTitle Completed in 0ms
20 timing config:load:flatten Completed in 5ms
21 timing npm:load:display Completed in 8ms
22 verbose logfile /home/ubuntu/.npm/_logs/2023-03-25T04_24_46_276Z-debug-0.log
23 timing npm:load:logFile Completed in 8ms
24 timing npm:load:timers Completed in 0ms
25 timing npm:load:configScope Completed in 0ms
26 timing npm:load Completed in 32ms
27 timing arborist:ctor Completed in 7ms
28 silly audit bulk request {
28 silly audit   'buffer-writer': [ '2.0.0' ],
28 silly audit   'packet-reader': [ '1.0.0' ],
28 silly audit   pg: [ '8.10.0' ],
28 silly audit   'pg-connection-string': [ '2.5.0' ],
28 silly audit   'pg-int8': [ '1.0.1' ],
28 silly audit   'pg-pool': [ '3.6.0' ],
28 silly audit   'pg-protocol': [ '1.6.0' ],
28 silly audit   'pg-types': [ '2.2.0' ],
28 silly audit   pgpass: [ '1.0.5' ],
28 silly audit   'postgres-array': [ '2.0.0' ],
28 silly audit   'postgres-bytea': [ '1.0.0' ],
28 silly audit   'postgres-date': [ '1.0.7' ],
28 silly audit   'postgres-interval': [ '1.2.0' ],
28 silly audit   split2: [ '4.1.0' ],
28 silly audit   xtend: [ '4.0.2' ]
28 silly audit }
29 http fetch POST 200 https://registry.npmjs.org/-/npm/v1/security/advisories/bulk 117ms
30 timing auditReport:getReport Completed in 119ms
31 silly audit report {}
32 timing auditReport:init Completed in 0ms
33 timing audit Completed in 189ms
34 timing command:audit Completed in 202ms
35 verbose exit 0
36 timing npm Completed in 497ms
37 info ok
