0 verbose cli [ '/usr/bin/node', '/usr/bin/npm', 'install', 'pg' ]
1 info using npm@8.5.1
2 info using node@v12.22.9
3 timing npm:load:whichnode Completed in 1ms
4 timing config:load:defaults Completed in 2ms
5 timing config:load:file:/usr/share/nodejs/npm/npmrc Completed in 4ms
6 timing config:load:builtin Completed in 4ms
7 timing config:load:cli Completed in 2ms
8 timing config:load:env Completed in 0ms
9 timing config:load:project Completed in 2ms
10 timing config:load:file:/home/ubuntu/.npmrc Completed in 0ms
11 timing config:load:user Completed in 0ms
12 timing config:load:file:/etc/npmrc Completed in 0ms
13 timing config:load:global Completed in 0ms
14 timing config:load:validate Completed in 0ms
15 timing config:load:credentials Completed in 2ms
16 timing config:load:setEnvs Completed in 1ms
17 timing config:load Completed in 15ms
18 timing npm:load:configload Completed in 15ms
19 timing npm:load:setTitle Completed in 1ms
20 timing config:load:flatten Completed in 4ms
21 timing npm:load:display Completed in 7ms
22 verbose logfile /home/ubuntu/.npm/_logs/2023-03-25T02_45_24_379Z-debug-0.log
23 timing npm:load:logFile Completed in 8ms
24 timing npm:load:timers Completed in 0ms
25 timing npm:load:configScope Completed in 0ms
26 timing npm:load Completed in 32ms
27 timing arborist:ctor Completed in 1ms
28 timing arborist:ctor Completed in 0ms
29 timing idealTree:init Completed in 18ms
30 timing idealTree:userRequests Completed in 9ms
31 silly idealTree buildDeps
32 silly fetch manifest pg@*
33 http fetch GET 200 https://registry.npmjs.org/pg 99ms (cache miss)
34 silly fetch manifest pg-native@>=3.0.1
35 http fetch GET 200 https://registry.npmjs.org/pg-native 23ms (cache miss)
36 silly placeDep ROOT pg@8.10.0 OK for:  want: *
37 silly fetch manifest buffer-writer@2.0.0
38 silly fetch manifest packet-reader@1.0.0
39 silly fetch manifest pg-connection-string@^2.5.0
40 silly fetch manifest pg-pool@^3.6.0
41 silly fetch manifest pg-protocol@^1.6.0
42 silly fetch manifest pg-types@^2.1.0
43 silly fetch manifest pgpass@1.x
44 http fetch GET 200 https://registry.npmjs.org/buffer-writer 52ms (cache miss)
45 http fetch GET 200 https://registry.npmjs.org/pg-protocol 65ms (cache miss)
46 http fetch GET 200 https://registry.npmjs.org/pg-pool 68ms (cache miss)
47 http fetch GET 200 https://registry.npmjs.org/pg-types 66ms (cache miss)
48 http fetch GET 200 https://registry.npmjs.org/packet-reader 87ms (cache miss)
49 http fetch GET 200 https://registry.npmjs.org/pgpass 105ms (cache miss)
50 http fetch GET 200 https://registry.npmjs.org/pg-connection-string 219ms (cache miss)
51 timing idealTree:#root Completed in 365ms
52 silly fetch manifest pg@>=8.0
53 silly placeDep ROOT buffer-writer@2.0.0 OK for: pg@8.10.0 want: 2.0.0
54 silly placeDep ROOT packet-reader@1.0.0 OK for: pg@8.10.0 want: 1.0.0
55 silly placeDep ROOT pg-connection-string@2.5.0 OK for: pg@8.10.0 want: ^2.5.0
56 silly placeDep ROOT pg-pool@3.6.0 OK for: pg@8.10.0 want: ^3.6.0
57 silly placeDep ROOT pg-protocol@1.6.0 OK for: pg@8.10.0 want: ^1.6.0
58 silly placeDep ROOT pg-types@2.2.0 OK for: pg@8.10.0 want: ^2.1.0
59 silly placeDep ROOT pgpass@1.0.5 OK for: pg@8.10.0 want: 1.x
60 silly fetch manifest pg-int8@1.0.1
61 silly fetch manifest postgres-array@~2.0.0
62 silly fetch manifest postgres-bytea@~1.0.0
63 silly fetch manifest postgres-date@~1.0.4
64 silly fetch manifest postgres-interval@^1.1.0
65 silly fetch manifest split2@^4.1.0
66 http fetch GET 200 https://registry.npmjs.org/split2 47ms (cache miss)
67 http fetch GET 200 https://registry.npmjs.org/pg-int8 59ms (cache miss)
68 http fetch GET 200 https://registry.npmjs.org/postgres-bytea 57ms (cache miss)
69 http fetch GET 200 https://registry.npmjs.org/postgres-array 59ms (cache miss)
70 http fetch GET 200 https://registry.npmjs.org/postgres-date 57ms (cache miss)
71 http fetch GET 200 https://registry.npmjs.org/postgres-interval 69ms (cache miss)
72 timing idealTree:node_modules/pg Completed in 134ms
73 timing idealTree:node_modules/buffer-writer Completed in 0ms
74 timing idealTree:node_modules/packet-reader Completed in 0ms
75 timing idealTree:node_modules/pg-connection-string Completed in 0ms
76 timing idealTree:node_modules/pg-pool Completed in 0ms
77 timing idealTree:node_modules/pg-protocol Completed in 0ms
78 silly placeDep ROOT pg-int8@1.0.1 OK for: pg-types@2.2.0 want: 1.0.1
79 silly placeDep ROOT postgres-array@2.0.0 OK for: pg-types@2.2.0 want: ~2.0.0
80 silly placeDep ROOT postgres-bytea@1.0.0 OK for: pg-types@2.2.0 want: ~1.0.0
81 silly placeDep ROOT postgres-date@1.0.7 OK for: pg-types@2.2.0 want: ~1.0.4
82 silly placeDep ROOT postgres-interval@1.2.0 OK for: pg-types@2.2.0 want: ^1.1.0
83 silly fetch manifest xtend@^4.0.0
84 http fetch GET 200 https://registry.npmjs.org/xtend 33ms (cache miss)
85 timing idealTree:node_modules/pg-types Completed in 67ms
86 timing idealTree:node_modules/pg-int8 Completed in 0ms
87 silly placeDep ROOT split2@4.1.0 OK for: pgpass@1.0.5 want: ^4.1.0
88 timing idealTree:node_modules/pgpass Completed in 2ms
89 timing idealTree:node_modules/postgres-array Completed in 0ms
90 timing idealTree:node_modules/postgres-bytea Completed in 0ms
91 timing idealTree:node_modules/postgres-date Completed in 0ms
92 silly placeDep ROOT xtend@4.0.2 OK for: postgres-interval@1.2.0 want: ^4.0.0
93 timing idealTree:node_modules/postgres-interval Completed in 2ms
94 timing idealTree:node_modules/split2 Completed in 0ms
95 timing idealTree:node_modules/xtend Completed in 0ms
96 timing idealTree:buildDeps Completed in 573ms
97 timing idealTree:fixDepFlags Completed in 1ms
98 timing idealTree Completed in 602ms
99 timing reify:loadTrees Completed in 604ms
100 timing reify:diffTrees Completed in 2ms
101 silly reify moves {}
102 timing reify:retireShallow Completed in 1ms
103 timing reify:createSparse Completed in 5ms
104 timing reify:loadBundles Completed in 0ms
105 silly audit bulk request {
105 silly audit   pg: [ '8.10.0' ],
105 silly audit   'buffer-writer': [ '2.0.0' ],
105 silly audit   'packet-reader': [ '1.0.0' ],
105 silly audit   'pg-connection-string': [ '2.5.0' ],
105 silly audit   'pg-pool': [ '3.6.0' ],
105 silly audit   'pg-protocol': [ '1.6.0' ],
105 silly audit   'pg-types': [ '2.2.0' ],
105 silly audit   pgpass: [ '1.0.5' ],
105 silly audit   'pg-int8': [ '1.0.1' ],
105 silly audit   'postgres-array': [ '2.0.0' ],
105 silly audit   'postgres-bytea': [ '1.0.0' ],
105 silly audit   'postgres-date': [ '1.0.7' ],
105 silly audit   'postgres-interval': [ '1.2.0' ],
105 silly audit   split2: [ '4.1.0' ],
105 silly audit   xtend: [ '4.0.2' ]
105 silly audit }
106 silly tarball no local data for xtend@https://registry.npmjs.org/xtend/-/xtend-4.0.2.tgz. Extracting by manifest.
107 silly tarball no local data for split2@https://registry.npmjs.org/split2/-/split2-4.1.0.tgz. Extracting by manifest.
108 silly tarball no local data for postgres-interval@https://registry.npmjs.org/postgres-interval/-/postgres-interval-1.2.0.tgz. Extracting by manifest.
109 silly tarball no local data for postgres-date@https://registry.npmjs.org/postgres-date/-/postgres-date-1.0.7.tgz. Extracting by manifest.
110 silly tarball no local data for postgres-bytea@https://registry.npmjs.org/postgres-bytea/-/postgres-bytea-1.0.0.tgz. Extracting by manifest.
111 silly tarball no local data for postgres-array@https://registry.npmjs.org/postgres-array/-/postgres-array-2.0.0.tgz. Extracting by manifest.
112 silly tarball no local data for pg-int8@https://registry.npmjs.org/pg-int8/-/pg-int8-1.0.1.tgz. Extracting by manifest.
113 silly tarball no local data for pgpass@https://registry.npmjs.org/pgpass/-/pgpass-1.0.5.tgz. Extracting by manifest.
114 silly tarball no local data for pg-types@https://registry.npmjs.org/pg-types/-/pg-types-2.2.0.tgz. Extracting by manifest.
115 silly tarball no local data for pg-protocol@https://registry.npmjs.org/pg-protocol/-/pg-protocol-1.6.0.tgz. Extracting by manifest.
116 silly tarball no local data for pg-pool@https://registry.npmjs.org/pg-pool/-/pg-pool-3.6.0.tgz. Extracting by manifest.
117 silly tarball no local data for pg-connection-string@https://registry.npmjs.org/pg-connection-string/-/pg-connection-string-2.5.0.tgz. Extracting by manifest.
118 silly tarball no local data for packet-reader@https://registry.npmjs.org/packet-reader/-/packet-reader-1.0.0.tgz. Extracting by manifest.
119 silly tarball no local data for buffer-writer@https://registry.npmjs.org/buffer-writer/-/buffer-writer-2.0.0.tgz. Extracting by manifest.
120 silly tarball no local data for pg@https://registry.npmjs.org/pg/-/pg-8.10.0.tgz. Extracting by manifest.
121 http fetch POST 200 https://registry.npmjs.org/-/npm/v1/security/advisories/bulk 307ms
122 timing auditReport:getReport Completed in 309ms
123 silly audit report {}
124 timing auditReport:init Completed in 0ms
125 timing reify:audit Completed in 311ms
126 http fetch GET 200 https://registry.npmjs.org/xtend/-/xtend-4.0.2.tgz 339ms (cache miss)
127 timing reifyNode:node_modules/xtend Completed in 363ms
128 http fetch GET 200 https://registry.npmjs.org/postgres-date/-/postgres-date-1.0.7.tgz 324ms (cache miss)
129 timing reifyNode:node_modules/postgres-date Completed in 375ms
130 http fetch GET 200 https://registry.npmjs.org/postgres-bytea/-/postgres-bytea-1.0.0.tgz 320ms (cache miss)
131 timing reifyNode:node_modules/postgres-bytea Completed in 379ms
132 http fetch GET 200 https://registry.npmjs.org/postgres-interval/-/postgres-interval-1.2.0.tgz 347ms (cache miss)
133 timing reifyNode:node_modules/postgres-interval Completed in 393ms
134 http fetch GET 200 https://registry.npmjs.org/postgres-array/-/postgres-array-2.0.0.tgz 335ms (cache miss)
135 timing reifyNode:node_modules/postgres-array Completed in 399ms
136 http fetch GET 200 https://registry.npmjs.org/split2/-/split2-4.1.0.tgz 374ms (cache miss)
137 timing reifyNode:node_modules/split2 Completed in 409ms
138 http fetch GET 200 https://registry.npmjs.org/pg-int8/-/pg-int8-1.0.1.tgz 342ms (cache miss)
139 timing reifyNode:node_modules/pg-int8 Completed in 417ms
140 http fetch GET 200 https://registry.npmjs.org/pgpass/-/pgpass-1.0.5.tgz 344ms (cache miss)
141 timing reifyNode:node_modules/pgpass Completed in 426ms
142 http fetch GET 200 https://registry.npmjs.org/packet-reader/-/packet-reader-1.0.0.tgz 283ms (cache miss)
143 timing reifyNode:node_modules/packet-reader Completed in 429ms
144 http fetch GET 200 https://registry.npmjs.org/pg-connection-string/-/pg-connection-string-2.5.0.tgz 298ms (cache miss)
145 timing reifyNode:node_modules/pg-connection-string Completed in 438ms
146 http fetch GET 200 https://registry.npmjs.org/buffer-writer/-/buffer-writer-2.0.0.tgz 316ms (cache miss)
147 timing reifyNode:node_modules/buffer-writer Completed in 473ms
148 http fetch GET 200 https://registry.npmjs.org/pg/-/pg-8.10.0.tgz 317ms (cache miss)
149 timing reifyNode:node_modules/pg Completed in 483ms
150 http fetch GET 200 https://registry.npmjs.org/pg-types/-/pg-types-2.2.0.tgz 401ms (cache miss)
151 timing reifyNode:node_modules/pg-types Completed in 489ms
152 http fetch GET 200 https://registry.npmjs.org/pg-pool/-/pg-pool-3.6.0.tgz 365ms (cache miss)
153 timing reifyNode:node_modules/pg-pool Completed in 499ms
154 http fetch GET 200 https://registry.npmjs.org/pg-protocol/-/pg-protocol-1.6.0.tgz 389ms (cache miss)
155 timing reifyNode:node_modules/pg-protocol Completed in 516ms
156 timing reify:unpack Completed in 517ms
157 timing reify:unretire Completed in 1ms
158 timing build:queue Completed in 1ms
159 timing build:deps Completed in 2ms
160 timing build Completed in 3ms
161 timing reify:build Completed in 3ms
162 timing reify:trash Completed in 0ms
163 timing reify:save Completed in 10ms
164 timing reify Completed in 1197ms
165 silly ADD node_modules/xtend
166 silly ADD node_modules/split2
167 silly ADD node_modules/postgres-interval
168 silly ADD node_modules/postgres-date
169 silly ADD node_modules/postgres-bytea
170 silly ADD node_modules/postgres-array
171 silly ADD node_modules/pg-int8
172 silly ADD node_modules/pgpass
173 silly ADD node_modules/pg-types
174 silly ADD node_modules/pg-protocol
175 silly ADD node_modules/pg-pool
176 silly ADD node_modules/pg-connection-string
177 silly ADD node_modules/packet-reader
178 silly ADD node_modules/buffer-writer
179 silly ADD node_modules/pg
180 timing command:install Completed in 1210ms
181 verbose exit 0
182 timing npm Completed in 1523ms
183 info ok
